<?xml version="1.0" encoding="UTF-8"?>
<TestRun id="a5f28e4d-949b-4f99-8669-6777087a69ce" name="19007364@DEVVMJTLSU56 2011-09-30 14:26:23" runUser="CORP\19007364" xmlns="http://microsoft.com/schemas/VisualStudio/TeamTest/2010">
  <TestSettings name="Local" id="1bf78725-8af6-4bc5-9a87-d74e52507b22">
    <Description>These are default test settings for a local test run.</Description>
    <Deployment enabled="false" runDeploymentRoot="19007364_DEVVMJTLSU56 2011-09-30 14_26_23" />
    <Execution>
      <TestTypeSpecific />
      <AgentRule name="Execution Agents">
      </AgentRule>
    </Execution>
  </TestSettings>
  <Times creation="2011-09-30T14:26:23.9856011-04:00" queuing="2011-09-30T14:26:24.3762261-04:00" start="2011-09-30T14:26:25.0481011-04:00" finish="2011-09-30T14:26:26.6731011-04:00" />
  <ResultSummary outcome="Completed">
    <Counters total="1" executed="1" passed="1" error="0" failed="0" timeout="0" aborted="0" inconclusive="0" passedButRunAborted="0" notRunnable="0" notExecuted="0" disconnected="0" warning="0" completed="0" inProgress="0" pending="0" />
  </ResultSummary>
  <TestDefinitions>
    <UnitTest name="CompleteSale_OneLineItem_SendsSomethingToThePrinter" storage="c:\documents and settings\19007364\my documents\visual studio 2010\projects\rhinomocksdemo\rhinomocksdemo\bin\debug\rhinomocksdemo.dll" id="5fd3147c-fe32-3d47-b560-a66be2aa596a">
      <Execution timeOut="1800000" id="38a07eac-5184-4e1d-b20a-5f6b7b028ae5" />
      <TestMethod codeBase="C:/Documents and Settings/19007364/My Documents/Visual Studio 2010/Projects/RhinoMocksDemo/RhinoMocksDemo/bin/Debug/RhinoMocksDemo.DLL" adapterTypeName="Microsoft.VisualStudio.TestTools.TestTypes.Unit.UnitTestAdapter, Microsoft.VisualStudio.QualityTools.Tips.UnitTest.Adapter, Version=10.0.0.0, Culture=neutral, PublicKeyToken=b03f5f7f11d50a3a" className="RhinoMocksDemo.CashRegisterTest, RhinoMocksDemo, Version=1.0.0.0, Culture=neutral, PublicKeyToken=null" name="CompleteSale_OneLineItem_SendsSomethingToThePrinter" />
    </UnitTest>
  </TestDefinitions>
  <TestLists>
    <TestList name="Results Not in a List" id="8c84fa94-04c1-424b-9868-57a2d4851a1d" />
    <TestList name="All Loaded Results" id="19431567-8539-422a-85d7-44ee4e166bda" />
  </TestLists>
  <TestEntries>
    <TestEntry testId="5fd3147c-fe32-3d47-b560-a66be2aa596a" executionId="38a07eac-5184-4e1d-b20a-5f6b7b028ae5" testListId="8c84fa94-04c1-424b-9868-57a2d4851a1d" />
  </TestEntries>
  <Results>
    <UnitTestResult executionId="38a07eac-5184-4e1d-b20a-5f6b7b028ae5" testId="5fd3147c-fe32-3d47-b560-a66be2aa596a" testName="CompleteSale_OneLineItem_SendsSomethingToThePrinter" computerName="DEVVMJTLSU56" duration="00:00:00.5409326" startTime="2011-09-30T14:26:25.7356011-04:00" endTime="2011-09-30T14:26:26.3918511-04:00" testType="13cdc9d9-ddb5-4fa4-a97d-d965ccfc6d4b" outcome="Passed" testListId="8c84fa94-04c1-424b-9868-57a2d4851a1d" relativeResultsDirectory="38a07eac-5184-4e1d-b20a-5f6b7b028ae5">
    </UnitTestResult>
  </Results>
</TestRun>