<?xml version="1.0" encoding="UTF-8"?>
<TestRun id="73eb5ebc-9cc0-46c4-b874-2b2c44a47ae2" name="19007364@DEVVMJTLSU56 2011-09-30 14:28:55" runUser="CORP\19007364" xmlns="http://microsoft.com/schemas/VisualStudio/TeamTest/2010">
  <TestSettings name="Local" id="1bf78725-8af6-4bc5-9a87-d74e52507b22">
    <Description>These are default test settings for a local test run.</Description>
    <Deployment enabled="false" runDeploymentRoot="19007364_DEVVMJTLSU56 2011-09-30 14_28_55" />
    <Execution>
      <TestTypeSpecific />
      <AgentRule name="Execution Agents">
      </AgentRule>
    </Execution>
  </TestSettings>
  <Times creation="2011-09-30T14:28:55.5168511-04:00" queuing="2011-09-30T14:28:55.9543511-04:00" start="2011-09-30T14:28:57.0012261-04:00" finish="2011-09-30T14:28:57.7668511-04:00" />
  <ResultSummary outcome="Failed">
    <Counters total="1" executed="1" error="0" failed="1" timeout="0" aborted="0" inconclusive="0" passedButRunAborted="0" notRunnable="0" notExecuted="0" disconnected="0" warning="0" passed="0" completed="0" inProgress="0" pending="0" />
  </ResultSummary>
  <TestDefinitions>
    <UnitTest name="CompleteSale_OneLineItem_SendsFormattedReceiptToPrinter" storage="c:\documents and settings\19007364\my documents\visual studio 2010\projects\rhinomocksdemo\rhinomocksdemo\bin\debug\rhinomocksdemo.dll" id="f92c52d3-04df-4db5-ad01-2e2881b6785b">
      <Execution timeOut="1800000" id="ea587326-dbe8-484c-892c-a4999face704" />
      <TestMethod codeBase="C:/Documents and Settings/19007364/My Documents/Visual Studio 2010/Projects/RhinoMocksDemo/RhinoMocksDemo/bin/Debug/RhinoMocksDemo.DLL" adapterTypeName="Microsoft.VisualStudio.TestTools.TestTypes.Unit.UnitTestAdapter, Microsoft.VisualStudio.QualityTools.Tips.UnitTest.Adapter, Version=10.0.0.0, Culture=neutral, PublicKeyToken=b03f5f7f11d50a3a" className="RhinoMocksDemo.CashRegisterTest, RhinoMocksDemo, Version=1.0.0.0, Culture=neutral, PublicKeyToken=null" name="CompleteSale_OneLineItem_SendsFormattedReceiptToPrinter" />
    </UnitTest>
  </TestDefinitions>
  <TestLists>
    <TestList name="Results Not in a List" id="8c84fa94-04c1-424b-9868-57a2d4851a1d" />
    <TestList name="All Loaded Results" id="19431567-8539-422a-85d7-44ee4e166bda" />
  </TestLists>
  <TestEntries>
    <TestEntry testId="f92c52d3-04df-4db5-ad01-2e2881b6785b" executionId="ea587326-dbe8-484c-892c-a4999face704" testListId="8c84fa94-04c1-424b-9868-57a2d4851a1d" />
  </TestEntries>
  <Results>
    <UnitTestResult executionId="ea587326-dbe8-484c-892c-a4999face704" testId="f92c52d3-04df-4db5-ad01-2e2881b6785b" testName="CompleteSale_OneLineItem_SendsFormattedReceiptToPrinter" computerName="DEVVMJTLSU56" duration="00:00:00.3711701" startTime="2011-09-30T14:28:57.0793511-04:00" endTime="2011-09-30T14:28:57.5481011-04:00" testType="13cdc9d9-ddb5-4fa4-a97d-d965ccfc6d4b" outcome="Failed" testListId="8c84fa94-04c1-424b-9868-57a2d4851a1d" relativeResultsDirectory="ea587326-dbe8-484c-892c-a4999face704">
      <Output>
        <ErrorInfo>
          <Message>Test method RhinoMocksDemo.CashRegisterTest.CompleteSale_OneLineItem_SendsFormattedReceiptToPrinter threw exception: 
Rhino.Mocks.Exceptions.ExpectationViolationException: IPrinter.PrintDocument(equal to Bread: $2.00); Expected #1, Actual #0.</Message>
          <StackTrace>    at Rhino.Mocks.RhinoMocksExtensions.AssertWasCalled[T](T mock, Action`1 action, Action`1 setupConstraints)
   at Rhino.Mocks.RhinoMocksExtensions.AssertWasCalled[T](T mock, Action`1 action)
   at RhinoMocksDemo.CashRegisterTest.CompleteSale_OneLineItem_SendsFormattedReceiptToPrinter() in C:\Documents and Settings\19007364\My Documents\Visual Studio 2010\Projects\RhinoMocksDemo\RhinoMocksDemo\CashRegisterTest.cs:line 83
</StackTrace>
        </ErrorInfo>
      </Output>
    </UnitTestResult>
  </Results>
</TestRun>