<?xml version="1.0" encoding="UTF-8"?>
<TestRun id="0a19f811-b811-4cde-bc31-52045a2181b2" name="19007364@DEVVMJTLSU56 2011-09-30 14:12:21" runUser="CORP\19007364" xmlns="http://microsoft.com/schemas/VisualStudio/TeamTest/2010">
  <TestSettings name="Local" id="1bf78725-8af6-4bc5-9a87-d74e52507b22">
    <Description>These are default test settings for a local test run.</Description>
    <Deployment enabled="false" runDeploymentRoot="19007364_DEVVMJTLSU56 2011-09-30 14_12_21" />
    <Execution>
      <TestTypeSpecific />
      <AgentRule name="Execution Agents">
      </AgentRule>
    </Execution>
  </TestSettings>
  <Times creation="2011-09-30T14:12:21.8993126-04:00" queuing="2011-09-30T14:12:22.3368126-04:00" start="2011-09-30T14:12:22.8993126-04:00" finish="2011-09-30T14:12:25.0243126-04:00" />
  <ResultSummary outcome="Completed">
    <Counters total="1" executed="1" passed="1" error="0" failed="0" timeout="0" aborted="0" inconclusive="0" passedButRunAborted="0" notRunnable="0" notExecuted="0" disconnected="0" warning="0" completed="0" inProgress="0" pending="0" />
  </ResultSummary>
  <TestDefinitions>
    <UnitTest name="Print_OneLineItem_DotMatrix" storage="c:\documents and settings\19007364\my documents\visual studio 2010\projects\rhinomocksdemo\rhinomocksdemo\bin\debug\rhinomocksdemo.dll" id="184850f3-8819-3ab7-36fb-c3403a99baa3">
      <Execution timeOut="1800000" id="327b7fff-ddad-4ad9-9846-769755c5d953" />
      <TestMethod codeBase="C:/Documents and Settings/19007364/My Documents/Visual Studio 2010/Projects/RhinoMocksDemo/RhinoMocksDemo/bin/Debug/RhinoMocksDemo.DLL" adapterTypeName="Microsoft.VisualStudio.TestTools.TestTypes.Unit.UnitTestAdapter, Microsoft.VisualStudio.QualityTools.Tips.UnitTest.Adapter, Version=10.0.0.0, Culture=neutral, PublicKeyToken=b03f5f7f11d50a3a" className="RhinoMocksDemo.CashRegisterTest, RhinoMocksDemo, Version=1.0.0.0, Culture=neutral, PublicKeyToken=null" name="Print_OneLineItem_DotMatrix" />
    </UnitTest>
  </TestDefinitions>
  <TestLists>
    <TestList name="Results Not in a List" id="8c84fa94-04c1-424b-9868-57a2d4851a1d" />
    <TestList name="All Loaded Results" id="19431567-8539-422a-85d7-44ee4e166bda" />
  </TestLists>
  <TestEntries>
    <TestEntry testId="184850f3-8819-3ab7-36fb-c3403a99baa3" executionId="327b7fff-ddad-4ad9-9846-769755c5d953" testListId="8c84fa94-04c1-424b-9868-57a2d4851a1d" />
  </TestEntries>
  <Results>
    <UnitTestResult executionId="327b7fff-ddad-4ad9-9846-769755c5d953" testId="184850f3-8819-3ab7-36fb-c3403a99baa3" testName="Print_OneLineItem_DotMatrix" computerName="DEVVMJTLSU56" duration="00:00:01.4681525" startTime="2011-09-30T14:12:23.2118126-04:00" endTime="2011-09-30T14:12:24.8680626-04:00" testType="13cdc9d9-ddb5-4fa4-a97d-d965ccfc6d4b" outcome="Passed" testListId="8c84fa94-04c1-424b-9868-57a2d4851a1d" relativeResultsDirectory="327b7fff-ddad-4ad9-9846-769755c5d953">
      <Output>
        <StdOut>Bread: $2.00</StdOut>
      </Output>
    </UnitTestResult>
  </Results>
</TestRun>