<?xml version="1.0" encoding="UTF-8"?>
<TestRun id="be699e66-3547-49d2-9a56-aed5f629007d" name="19007364@DEVVMJTLSU56 2011-09-30 14:22:12" runUser="CORP\19007364" xmlns="http://microsoft.com/schemas/VisualStudio/TeamTest/2010">
  <TestSettings name="Local" id="1bf78725-8af6-4bc5-9a87-d74e52507b22">
    <Description>These are default test settings for a local test run.</Description>
    <Deployment enabled="false" runDeploymentRoot="19007364_DEVVMJTLSU56 2011-09-30 14_22_12" />
    <Execution>
      <TestTypeSpecific />
      <AgentRule name="Execution Agents">
      </AgentRule>
    </Execution>
  </TestSettings>
  <Times creation="2011-09-30T14:22:12.2604256-04:00" queuing="2011-09-30T14:22:12.6823006-04:00" start="2011-09-30T14:22:13.5416756-04:00" finish="2011-09-30T14:22:18.5260506-04:00" />
  <ResultSummary outcome="Completed">
    <Counters total="2" executed="2" passed="2" error="0" failed="0" timeout="0" aborted="0" inconclusive="0" passedButRunAborted="0" notRunnable="0" notExecuted="0" disconnected="0" warning="0" completed="0" inProgress="0" pending="0" />
  </ResultSummary>
  <TestDefinitions>
    <UnitTest name="CompleteSale_OneLineItem_DotMatrixPrinter_CalculatesChangeCorrectly" storage="c:\documents and settings\19007364\my documents\visual studio 2010\projects\rhinomocksdemo\rhinomocksdemo\bin\debug\rhinomocksdemo.dll" id="8e751fff-fb95-a5b8-5164-2df966ce52e3">
      <Execution timeOut="1800000" id="10548063-cc55-454e-8a00-3812b50e9713" />
      <TestMethod codeBase="C:/Documents and Settings/19007364/My Documents/Visual Studio 2010/Projects/RhinoMocksDemo/RhinoMocksDemo/bin/Debug/RhinoMocksDemo.DLL" adapterTypeName="Microsoft.VisualStudio.TestTools.TestTypes.Unit.UnitTestAdapter, Microsoft.VisualStudio.QualityTools.Tips.UnitTest.Adapter, Version=10.0.0.0, Culture=neutral, PublicKeyToken=b03f5f7f11d50a3a" className="RhinoMocksDemo.CashRegisterTest, RhinoMocksDemo, Version=1.0.0.0, Culture=neutral, PublicKeyToken=null" name="CompleteSale_OneLineItem_DotMatrixPrinter_CalculatesChangeCorrectly" />
    </UnitTest>
    <UnitTest name="CompleteSale_OneLineItem_CalculatesChangeCorrectly" storage="c:\documents and settings\19007364\my documents\visual studio 2010\projects\rhinomocksdemo\rhinomocksdemo\bin\debug\rhinomocksdemo.dll" id="5ad5cef6-e3fb-fdd4-4476-6889dba0f7e1">
      <Execution timeOut="1800000" id="15c61ccd-e309-4c27-8980-9bdaceaf8049" />
      <TestMethod codeBase="C:/Documents and Settings/19007364/My Documents/Visual Studio 2010/Projects/RhinoMocksDemo/RhinoMocksDemo/bin/Debug/RhinoMocksDemo.DLL" adapterTypeName="Microsoft.VisualStudio.TestTools.TestTypes.Unit.UnitTestAdapter, Microsoft.VisualStudio.QualityTools.Tips.UnitTest.Adapter, Version=10.0.0.0, Culture=neutral, PublicKeyToken=b03f5f7f11d50a3a" className="RhinoMocksDemo.CashRegisterTest, RhinoMocksDemo, Version=1.0.0.0, Culture=neutral, PublicKeyToken=null" name="CompleteSale_OneLineItem_CalculatesChangeCorrectly" />
    </UnitTest>
  </TestDefinitions>
  <TestLists>
    <TestList name="Results Not in a List" id="8c84fa94-04c1-424b-9868-57a2d4851a1d" />
    <TestList name="All Loaded Results" id="19431567-8539-422a-85d7-44ee4e166bda" />
  </TestLists>
  <TestEntries>
    <TestEntry testId="5ad5cef6-e3fb-fdd4-4476-6889dba0f7e1" executionId="15c61ccd-e309-4c27-8980-9bdaceaf8049" testListId="8c84fa94-04c1-424b-9868-57a2d4851a1d" />
    <TestEntry testId="8e751fff-fb95-a5b8-5164-2df966ce52e3" executionId="10548063-cc55-454e-8a00-3812b50e9713" testListId="8c84fa94-04c1-424b-9868-57a2d4851a1d" />
  </TestEntries>
  <Results>
    <UnitTestResult executionId="15c61ccd-e309-4c27-8980-9bdaceaf8049" testId="5ad5cef6-e3fb-fdd4-4476-6889dba0f7e1" testName="CompleteSale_OneLineItem_CalculatesChangeCorrectly" computerName="DEVVMJTLSU56" duration="00:00:00.4005123" startTime="2011-09-30T14:22:13.6823006-04:00" endTime="2011-09-30T14:22:14.1823006-04:00" testType="13cdc9d9-ddb5-4fa4-a97d-d965ccfc6d4b" outcome="Passed" testListId="8c84fa94-04c1-424b-9868-57a2d4851a1d" relativeResultsDirectory="15c61ccd-e309-4c27-8980-9bdaceaf8049">
    </UnitTestResult>
    <UnitTestResult executionId="10548063-cc55-454e-8a00-3812b50e9713" testId="8e751fff-fb95-a5b8-5164-2df966ce52e3" testName="CompleteSale_OneLineItem_DotMatrixPrinter_CalculatesChangeCorrectly" computerName="DEVVMJTLSU56" duration="00:00:04.2158361" startTime="2011-09-30T14:22:14.1823006-04:00" endTime="2011-09-30T14:22:18.4010506-04:00" testType="13cdc9d9-ddb5-4fa4-a97d-d965ccfc6d4b" outcome="Passed" testListId="8c84fa94-04c1-424b-9868-57a2d4851a1d" relativeResultsDirectory="10548063-cc55-454e-8a00-3812b50e9713">
      <Output>
        <StdOut>Bread: $2.00</StdOut>
      </Output>
    </UnitTestResult>
  </Results>
</TestRun>