<?xml version="1.0" encoding="UTF-8"?>
<TestRun id="e60f9cc3-22e4-4dd7-b537-670774563ba2" name="19007364@DEVVMJTLSU56 2011-10-04 09:59:26" runUser="CORP\19007364" xmlns="http://microsoft.com/schemas/VisualStudio/TeamTest/2010">
  <TestSettings name="Local" id="1bf78725-8af6-4bc5-9a87-d74e52507b22">
    <Description>These are default test settings for a local test run.</Description>
    <Deployment enabled="false" runDeploymentRoot="19007364_DEVVMJTLSU56 2011-10-04 09_59_26">
      <DeploymentItem filename="C:\Documents and Settings\19007364\My Documents\Visual Studio 2010\Projects\RhinoMocksDemo\packages\RhinoMocks.3.6\lib\Rhino.Mocks.dll" />
    </Deployment>
    <Execution>
      <TestTypeSpecific />
      <AgentRule name="Execution Agents">
      </AgentRule>
    </Execution>
  </TestSettings>
  <Times creation="2011-10-04T09:59:26.1048812-04:00" queuing="2011-10-04T09:59:28.6205062-04:00" start="2011-10-04T09:59:29.3080062-04:00" finish="2011-10-04T09:59:32.2298812-04:00" />
  <ResultSummary outcome="Completed">
    <Counters total="1" executed="1" passed="1" error="0" failed="0" timeout="0" aborted="0" inconclusive="0" passedButRunAborted="0" notRunnable="0" notExecuted="0" disconnected="0" warning="0" completed="0" inProgress="0" pending="0" />
  </ResultSummary>
  <TestDefinitions>
    <UnitTest name="CompleteSale_ManyLineItems_CallsPrinter" storage="c:\documents and settings\19007364\my documents\visual studio 2010\projects\rhinomocksdemo\rhinomocksdemo\bin\debug\rhinomocksdemo.dll" id="600843eb-b27d-7661-040a-20e17d59b6b5">
      <Execution id="4f4a3a02-7644-458a-97e8-b70e744c88d9" />
      <TestMethod codeBase="C:/Documents and Settings/19007364/My Documents/Visual Studio 2010/Projects/RhinoMocksDemo/RhinoMocksDemo/bin/Debug/RhinoMocksDemo.DLL" adapterTypeName="Microsoft.VisualStudio.TestTools.TestTypes.Unit.UnitTestAdapter, Microsoft.VisualStudio.QualityTools.Tips.UnitTest.Adapter, Version=10.0.0.0, Culture=neutral, PublicKeyToken=b03f5f7f11d50a3a" className="RhinoMocksDemo.CashRegisterTest, RhinoMocksDemo, Version=1.0.0.0, Culture=neutral, PublicKeyToken=null" name="CompleteSale_ManyLineItems_CallsPrinter" />
    </UnitTest>
  </TestDefinitions>
  <TestLists>
    <TestList name="Results Not in a List" id="8c84fa94-04c1-424b-9868-57a2d4851a1d" />
    <TestList name="All Loaded Results" id="19431567-8539-422a-85d7-44ee4e166bda" />
  </TestLists>
  <TestEntries>
    <TestEntry testId="600843eb-b27d-7661-040a-20e17d59b6b5" executionId="4f4a3a02-7644-458a-97e8-b70e744c88d9" testListId="8c84fa94-04c1-424b-9868-57a2d4851a1d" />
  </TestEntries>
  <Results>
    <UnitTestResult executionId="4f4a3a02-7644-458a-97e8-b70e744c88d9" testId="600843eb-b27d-7661-040a-20e17d59b6b5" testName="CompleteSale_ManyLineItems_CallsPrinter" computerName="DEVVMJTLSU56" duration="00:00:00.7144311" startTime="2011-10-04T09:59:29.5736312-04:00" endTime="2011-10-04T09:59:31.4486312-04:00" testType="13cdc9d9-ddb5-4fa4-a97d-d965ccfc6d4b" outcome="Passed" testListId="8c84fa94-04c1-424b-9868-57a2d4851a1d" relativeResultsDirectory="4f4a3a02-7644-458a-97e8-b70e744c88d9">
    </UnitTestResult>
  </Results>
</TestRun>