<?xml version="1.0" encoding="UTF-8"?>
<TestRun id="c915db22-cc34-41aa-9953-23f6f66097ca" name="19007364@DEVVMJTLSU56 2011-10-04 10:01:32" runUser="CORP\19007364" xmlns="http://microsoft.com/schemas/VisualStudio/TeamTest/2010">
  <TestSettings name="Local" id="1bf78725-8af6-4bc5-9a87-d74e52507b22">
    <Description>These are default test settings for a local test run.</Description>
    <Deployment enabled="false" runDeploymentRoot="19007364_DEVVMJTLSU56 2011-10-04 10_01_32">
      <DeploymentItem filename="C:\Documents and Settings\19007364\My Documents\Visual Studio 2010\Projects\RhinoMocksDemo\packages\RhinoMocks.3.6\lib\Rhino.Mocks.dll" />
    </Deployment>
    <Execution>
      <TestTypeSpecific />
      <AgentRule name="Execution Agents">
      </AgentRule>
    </Execution>
  </TestSettings>
  <Times creation="2011-10-04T10:01:32.5423812-04:00" queuing="2011-10-04T10:01:35.1517562-04:00" start="2011-10-04T10:01:35.6048812-04:00" finish="2011-10-04T10:01:38.3236312-04:00" />
  <ResultSummary outcome="Failed">
    <Counters total="1" executed="1" error="0" failed="1" timeout="0" aborted="0" inconclusive="0" passedButRunAborted="0" notRunnable="0" notExecuted="0" disconnected="0" warning="0" passed="0" completed="0" inProgress="0" pending="0" />
  </ResultSummary>
  <TestDefinitions>
    <UnitTest name="CalculateTotal_OneLineItem_CallsPrinter_WithFormattedReceipt" storage="c:\documents and settings\19007364\my documents\visual studio 2010\projects\rhinomocksdemo\rhinomocksdemo\bin\debug\rhinomocksdemo.dll" id="c269cf70-729c-63ee-e13b-1af29754fc44">
      <Execution id="39dcb86b-5e2c-449a-87b1-e3a0844bbc05" />
      <TestMethod codeBase="C:/Documents and Settings/19007364/My Documents/Visual Studio 2010/Projects/RhinoMocksDemo/RhinoMocksDemo/bin/Debug/RhinoMocksDemo.DLL" adapterTypeName="Microsoft.VisualStudio.TestTools.TestTypes.Unit.UnitTestAdapter, Microsoft.VisualStudio.QualityTools.Tips.UnitTest.Adapter, Version=10.0.0.0, Culture=neutral, PublicKeyToken=b03f5f7f11d50a3a" className="RhinoMocksDemo.CashRegisterTest, RhinoMocksDemo, Version=1.0.0.0, Culture=neutral, PublicKeyToken=null" name="CalculateTotal_OneLineItem_CallsPrinter_WithFormattedReceipt" />
    </UnitTest>
  </TestDefinitions>
  <TestLists>
    <TestList name="Results Not in a List" id="8c84fa94-04c1-424b-9868-57a2d4851a1d" />
    <TestList name="All Loaded Results" id="19431567-8539-422a-85d7-44ee4e166bda" />
  </TestLists>
  <TestEntries>
    <TestEntry testId="c269cf70-729c-63ee-e13b-1af29754fc44" executionId="39dcb86b-5e2c-449a-87b1-e3a0844bbc05" testListId="8c84fa94-04c1-424b-9868-57a2d4851a1d" />
  </TestEntries>
  <Results>
    <UnitTestResult executionId="39dcb86b-5e2c-449a-87b1-e3a0844bbc05" testId="c269cf70-729c-63ee-e13b-1af29754fc44" testName="CalculateTotal_OneLineItem_CallsPrinter_WithFormattedReceipt" computerName="DEVVMJTLSU56" duration="00:00:00.9157067" startTime="2011-10-04T10:01:35.9798812-04:00" endTime="2011-10-04T10:01:37.8392562-04:00" testType="13cdc9d9-ddb5-4fa4-a97d-d965ccfc6d4b" outcome="Failed" testListId="8c84fa94-04c1-424b-9868-57a2d4851a1d" relativeResultsDirectory="39dcb86b-5e2c-449a-87b1-e3a0844bbc05">
      <Output>
        <ErrorInfo>
          <Message>Test method RhinoMocksDemo.CashRegisterTest.CalculateTotal_OneLineItem_CallsPrinter_WithFormattedReceipt threw exception: 
Rhino.Mocks.Exceptions.ExpectationViolationException: IPrinter.Print(equal to Bread: $2.00
); Expected #1, Actual #0.</Message>
          <StackTrace>    at Rhino.Mocks.RhinoMocksExtensions.AssertWasCalled[T](T mock, Action`1 action, Action`1 setupConstraints)
   at Rhino.Mocks.RhinoMocksExtensions.AssertWasCalled[T](T mock, Action`1 action)
   at RhinoMocksDemo.CashRegisterTest.CalculateTotal_OneLineItem_CallsPrinter_WithFormattedReceipt() in C:\Documents and Settings\19007364\My Documents\Visual Studio 2010\Projects\RhinoMocksDemo\RhinoMocksDemo\CashRegisterTest.cs:line 92
</StackTrace>
        </ErrorInfo>
      </Output>
    </UnitTestResult>
  </Results>
</TestRun>