<?xml version="1.0" encoding="UTF-8"?>
<TestRun id="42d33359-7599-4347-8419-2ab14a123d8e" name="19007364@DEVVMJTLSU56 2011-10-04 10:08:35" runUser="CORP\19007364" xmlns="http://microsoft.com/schemas/VisualStudio/TeamTest/2010">
  <TestSettings name="Local" id="1bf78725-8af6-4bc5-9a87-d74e52507b22">
    <Description>These are default test settings for a local test run.</Description>
    <Deployment enabled="false" runDeploymentRoot="19007364_DEVVMJTLSU56 2011-10-04 10_08_35">
      <DeploymentItem filename="C:\Documents and Settings\19007364\My Documents\Visual Studio 2010\Projects\RhinoMocksDemo\packages\RhinoMocks.3.6\lib\Rhino.Mocks.dll" />
    </Deployment>
    <Execution>
      <TestTypeSpecific />
      <AgentRule name="Execution Agents">
      </AgentRule>
    </Execution>
  </TestSettings>
  <Times creation="2011-10-04T10:08:35.4191192-04:00" queuing="2011-10-04T10:08:38.7159942-04:00" start="2011-10-04T10:08:39.1691192-04:00" finish="2011-10-04T10:09:04.6847442-04:00" />
  <ResultSummary outcome="Error">
    <Counters total="1" executed="1" error="0" failed="0" timeout="0" aborted="1" inconclusive="0" passedButRunAborted="0" notRunnable="0" notExecuted="0" disconnected="0" warning="0" passed="0" completed="0" inProgress="0" pending="0" />
    <RunInfos>
      <RunInfo computerName="DEVVMJTLSU56" outcome="Error" timestamp="2011-10-04T10:09:04.6691192-04:00">
        <Text>Test host process exited unexpectedly.</Text>
      </RunInfo>
    </RunInfos>
  </ResultSummary>
  <TestDefinitions>
    <UnitTest name="Properties_Are_Automatically_Implemented" storage="c:\documents and settings\19007364\my documents\visual studio 2010\projects\rhinomocksdemo\rhinomocksdemo\bin\debug\rhinomocksdemo.dll" id="a6c3f45c-1f11-4b18-62b2-1b38d0224c91">
      <Execution id="e367ba9a-5c79-4867-ac64-f5c5834ca510" />
      <TestMethod codeBase="C:/Documents and Settings/19007364/My Documents/Visual Studio 2010/Projects/RhinoMocksDemo/RhinoMocksDemo/bin/Debug/RhinoMocksDemo.DLL" adapterTypeName="Microsoft.VisualStudio.TestTools.TestTypes.Unit.UnitTestAdapter, Microsoft.VisualStudio.QualityTools.Tips.UnitTest.Adapter, Version=10.0.0.0, Culture=neutral, PublicKeyToken=b03f5f7f11d50a3a" className="RhinoMocksDemo.AnimalTest, RhinoMocksDemo, Version=1.0.0.0, Culture=neutral, PublicKeyToken=null" name="Properties_Are_Automatically_Implemented" />
    </UnitTest>
  </TestDefinitions>
  <TestLists>
    <TestList name="Results Not in a List" id="8c84fa94-04c1-424b-9868-57a2d4851a1d" />
    <TestList name="All Loaded Results" id="19431567-8539-422a-85d7-44ee4e166bda" />
  </TestLists>
  <TestEntries>
    <TestEntry testId="a6c3f45c-1f11-4b18-62b2-1b38d0224c91" executionId="e367ba9a-5c79-4867-ac64-f5c5834ca510" testListId="8c84fa94-04c1-424b-9868-57a2d4851a1d" />
  </TestEntries>
  <Results>
    <UnitTestResult executionId="e367ba9a-5c79-4867-ac64-f5c5834ca510" testId="a6c3f45c-1f11-4b18-62b2-1b38d0224c91" testName="Properties_Are_Automatically_Implemented" computerName="DEVVMJTLSU56" duration="00:00:25.0156250" startTime="2011-10-04T10:08:39.6691192-04:00" endTime="2011-10-04T10:09:04.6847442-04:00" testType="13cdc9d9-ddb5-4fa4-a97d-d965ccfc6d4b" outcome="Aborted" testListId="8c84fa94-04c1-424b-9868-57a2d4851a1d" relativeResultsDirectory="e367ba9a-5c79-4867-ac64-f5c5834ca510">
    </UnitTestResult>
  </Results>
</TestRun>