<?xml version="1.0" encoding="UTF-8"?>
<TestRun id="5be1de61-025e-4131-bf72-77538752d792" name="19007364@DEVVMJTLSU56 2011-10-04 10:01:09" runUser="CORP\19007364" xmlns="http://microsoft.com/schemas/VisualStudio/TeamTest/2010">
  <TestSettings name="Local" id="1bf78725-8af6-4bc5-9a87-d74e52507b22">
    <Description>These are default test settings for a local test run.</Description>
    <Deployment enabled="false" runDeploymentRoot="19007364_DEVVMJTLSU56 2011-10-04 10_01_09">
      <DeploymentItem filename="C:\Documents and Settings\19007364\My Documents\Visual Studio 2010\Projects\RhinoMocksDemo\packages\RhinoMocks.3.6\lib\Rhino.Mocks.dll" />
    </Deployment>
    <Execution>
      <TestTypeSpecific />
      <AgentRule name="Execution Agents">
      </AgentRule>
    </Execution>
  </TestSettings>
  <Times creation="2011-10-04T10:01:09.6361312-04:00" queuing="2011-10-04T10:01:12.4017562-04:00" start="2011-10-04T10:01:12.9642562-04:00" finish="2011-10-04T10:01:16.4173812-04:00" />
  <ResultSummary outcome="Completed">
    <Counters total="1" executed="1" passed="1" error="0" failed="0" timeout="0" aborted="0" inconclusive="0" passedButRunAborted="0" notRunnable="0" notExecuted="0" disconnected="0" warning="0" completed="0" inProgress="0" pending="0" />
  </ResultSummary>
  <TestDefinitions>
    <UnitTest name="CalculateTotal_OneLineItem_CallsPrinter_WithFormattedReceipt" storage="c:\documents and settings\19007364\my documents\visual studio 2010\projects\rhinomocksdemo\rhinomocksdemo\bin\debug\rhinomocksdemo.dll" id="c269cf70-729c-63ee-e13b-1af29754fc44">
      <Execution id="0cfab788-c57b-47af-8e8f-818e9612ebf3" />
      <TestMethod codeBase="C:/Documents and Settings/19007364/My Documents/Visual Studio 2010/Projects/RhinoMocksDemo/RhinoMocksDemo/bin/Debug/RhinoMocksDemo.DLL" adapterTypeName="Microsoft.VisualStudio.TestTools.TestTypes.Unit.UnitTestAdapter, Microsoft.VisualStudio.QualityTools.Tips.UnitTest.Adapter, Version=10.0.0.0, Culture=neutral, PublicKeyToken=b03f5f7f11d50a3a" className="RhinoMocksDemo.CashRegisterTest, RhinoMocksDemo, Version=1.0.0.0, Culture=neutral, PublicKeyToken=null" name="CalculateTotal_OneLineItem_CallsPrinter_WithFormattedReceipt" />
    </UnitTest>
  </TestDefinitions>
  <TestLists>
    <TestList name="Results Not in a List" id="8c84fa94-04c1-424b-9868-57a2d4851a1d" />
    <TestList name="All Loaded Results" id="19431567-8539-422a-85d7-44ee4e166bda" />
  </TestLists>
  <TestEntries>
    <TestEntry testId="c269cf70-729c-63ee-e13b-1af29754fc44" executionId="0cfab788-c57b-47af-8e8f-818e9612ebf3" testListId="8c84fa94-04c1-424b-9868-57a2d4851a1d" />
  </TestEntries>
  <Results>
    <UnitTestResult executionId="0cfab788-c57b-47af-8e8f-818e9612ebf3" testId="c269cf70-729c-63ee-e13b-1af29754fc44" testName="CalculateTotal_OneLineItem_CallsPrinter_WithFormattedReceipt" computerName="DEVVMJTLSU56" duration="00:00:00.4015562" startTime="2011-10-04T10:01:13.3705062-04:00" endTime="2011-10-04T10:01:15.3080062-04:00" testType="13cdc9d9-ddb5-4fa4-a97d-d965ccfc6d4b" outcome="Passed" testListId="8c84fa94-04c1-424b-9868-57a2d4851a1d" relativeResultsDirectory="0cfab788-c57b-47af-8e8f-818e9612ebf3">
    </UnitTestResult>
  </Results>
</TestRun>